[2026-04-24 06:22:03 +0000] [99832] [INFO] Starting gunicorn 23.0.0
[2026-04-24 06:22:03 +0000] [99832] [INFO] Listening at: http://0.0.0.0:5000 (99832)
[2026-04-24 06:22:03 +0000] [99832] [INFO] Using worker: sync
[2026-04-24 06:22:03 +0000] [99833] [INFO] Booting worker with pid: 99833
[2026-04-24 06:22:03 +0000] [99834] [INFO] Booting worker with pid: 99834
[2026-04-24 06:22:03 +0000] [99835] [INFO] Booting worker with pid: 99835
[2026-04-24 06:22:03 +0000] [99837] [INFO] Booting worker with pid: 99837
[2026-04-24 06:22:05 +0000] [99833] [ERROR] Exception in worker process
Traceback (most recent call last):
  File "/home/ec2-user/.local/lib/python3.9/site-packages/gunicorn/arbiter.py", line 608, in spawn_worker
    worker.init_process()
  File "/home/ec2-user/.local/lib/python3.9/site-packages/gunicorn/workers/base.py", line 135, in init_process
    self.load_wsgi()
  File "/home/ec2-user/.local/lib/python3.9/site-packages/gunicorn/workers/base.py", line 147, in load_wsgi
    self.wsgi = self.app.wsgi()
  File "/home/ec2-user/.local/lib/python3.9/site-packages/gunicorn/app/base.py", line 66, in wsgi
    self.callable = self.load()
  File "/home/ec2-user/.local/lib/python3.9/site-packages/gunicorn/app/wsgiapp.py", line 57, in load
    return self.load_wsgiapp()
  File "/home/ec2-user/.local/lib/python3.9/site-packages/gunicorn/app/wsgiapp.py", line 47, in load_wsgiapp
    return util.import_app(self.app_uri)
  File "/home/ec2-user/.local/lib/python3.9/site-packages/gunicorn/util.py", line 370, in import_app
    mod = importlib.import_module(module)
  File "/usr/lib64/python3.9/importlib/__init__.py", line 127, in import_module
    return _bootstrap._gcd_import(name[level:], package, level)
  File "<frozen importlib._bootstrap>", line 1030, in _gcd_import
  File "<frozen importlib._bootstrap>", line 1007, in _find_and_load
  File "<frozen importlib._bootstrap>", line 986, in _find_and_load_unlocked
  File "<frozen importlib._bootstrap>", line 680, in _load_unlocked
  File "<frozen importlib._bootstrap_external>", line 850, in exec_module
  File "<frozen importlib._bootstrap>", line 228, in _call_with_frames_removed
  File "/home/ec2-user/ahh/app.py", line 4059, in <module>
    def langingthankyou():
  File "/home/ec2-user/.local/lib/python3.9/site-packages/flask/sansio/scaffold.py", line 362, in decorator
    self.add_url_rule(rule, endpoint, f, **options)
  File "/home/ec2-user/.local/lib/python3.9/site-packages/flask/sansio/scaffold.py", line 47, in wrapper_func
    return f(self, *args, **kwargs)
  File "/home/ec2-user/.local/lib/python3.9/site-packages/flask/sansio/app.py", line 650, in add_url_rule
    rule_obj = self.url_rule_class(rule, methods=methods, **options)
  File "/home/ec2-user/.local/lib/python3.9/site-packages/werkzeug/routing/rules.py", line 475, in __init__
    raise ValueError(f"URL rule '{string}' must start with a slash.")
ValueError: URL rule 'lp-thank-you' must start with a slash.
[2026-04-24 06:22:05 +0000] [99833] [INFO] Worker exiting (pid: 99833)
[2026-04-24 06:22:05 +0000] [99834] [ERROR] Exception in worker process
Traceback (most recent call last):
  File "/home/ec2-user/.local/lib/python3.9/site-packages/gunicorn/arbiter.py", line 608, in spawn_worker
    worker.init_process()
  File "/home/ec2-user/.local/lib/python3.9/site-packages/gunicorn/workers/base.py", line 135, in init_process
    self.load_wsgi()
  File "/home/ec2-user/.local/lib/python3.9/site-packages/gunicorn/workers/base.py", line 147, in load_wsgi
    self.wsgi = self.app.wsgi()
  File "/home/ec2-user/.local/lib/python3.9/site-packages/gunicorn/app/base.py", line 66, in wsgi
    self.callable = self.load()
  File "/home/ec2-user/.local/lib/python3.9/site-packages/gunicorn/app/wsgiapp.py", line 57, in load
    return self.load_wsgiapp()
  File "/home/ec2-user/.local/lib/python3.9/site-packages/gunicorn/app/wsgiapp.py", line 47, in load_wsgiapp
    return util.import_app(self.app_uri)
  File "/home/ec2-user/.local/lib/python3.9/site-packages/gunicorn/util.py", line 370, in import_app
    mod = importlib.import_module(module)
  File "/usr/lib64/python3.9/importlib/__init__.py", line 127, in import_module
    return _bootstrap._gcd_import(name[level:], package, level)
  File "<frozen importlib._bootstrap>", line 1030, in _gcd_import
  File "<frozen importlib._bootstrap>", line 1007, in _find_and_load
  File "<frozen importlib._bootstrap>", line 986, in _find_and_load_unlocked
  File "<frozen importlib._bootstrap>", line 680, in _load_unlocked
  File "<frozen importlib._bootstrap_external>", line 850, in exec_module
  File "<frozen importlib._bootstrap>", line 228, in _call_with_frames_removed
  File "/home/ec2-user/ahh/app.py", line 4059, in <module>
    def langingthankyou():
  File "/home/ec2-user/.local/lib/python3.9/site-packages/flask/sansio/scaffold.py", line 362, in decorator
    self.add_url_rule(rule, endpoint, f, **options)
  File "/home/ec2-user/.local/lib/python3.9/site-packages/flask/sansio/scaffold.py", line 47, in wrapper_func
    return f(self, *args, **kwargs)
  File "/home/ec2-user/.local/lib/python3.9/site-packages/flask/sansio/app.py", line 650, in add_url_rule
    rule_obj = self.url_rule_class(rule, methods=methods, **options)
  File "/home/ec2-user/.local/lib/python3.9/site-packages/werkzeug/routing/rules.py", line 475, in __init__
    raise ValueError(f"URL rule '{string}' must start with a slash.")
ValueError: URL rule 'lp-thank-you' must start with a slash.
[2026-04-24 06:22:05 +0000] [99834] [INFO] Worker exiting (pid: 99834)
[2026-04-24 06:22:05 +0000] [99835] [ERROR] Exception in worker process
Traceback (most recent call last):
  File "/home/ec2-user/.local/lib/python3.9/site-packages/gunicorn/arbiter.py", line 608, in spawn_worker
    worker.init_process()
  File "/home/ec2-user/.local/lib/python3.9/site-packages/gunicorn/workers/base.py", line 135, in init_process
    self.load_wsgi()
  File "/home/ec2-user/.local/lib/python3.9/site-packages/gunicorn/workers/base.py", line 147, in load_wsgi
    self.wsgi = self.app.wsgi()
  File "/home/ec2-user/.local/lib/python3.9/site-packages/gunicorn/app/base.py", line 66, in wsgi
    self.callable = self.load()
  File "/home/ec2-user/.local/lib/python3.9/site-packages/gunicorn/app/wsgiapp.py", line 57, in load
    return self.load_wsgiapp()
  File "/home/ec2-user/.local/lib/python3.9/site-packages/gunicorn/app/wsgiapp.py", line 47, in load_wsgiapp
    return util.import_app(self.app_uri)
  File "/home/ec2-user/.local/lib/python3.9/site-packages/gunicorn/util.py", line 370, in import_app
    mod = importlib.import_module(module)
  File "/usr/lib64/python3.9/importlib/__init__.py", line 127, in import_module
    return _bootstrap._gcd_import(name[level:], package, level)
  File "<frozen importlib._bootstrap>", line 1030, in _gcd_import
  File "<frozen importlib._bootstrap>", line 1007, in _find_and_load
  File "<frozen importlib._bootstrap>", line 986, in _find_and_load_unlocked
  File "<frozen importlib._bootstrap>", line 680, in _load_unlocked
  File "<frozen importlib._bootstrap_external>", line 850, in exec_module
  File "<frozen importlib._bootstrap>", line 228, in _call_with_frames_removed
  File "/home/ec2-user/ahh/app.py", line 4059, in <module>
    def langingthankyou():
  File "/home/ec2-user/.local/lib/python3.9/site-packages/flask/sansio/scaffold.py", line 362, in decorator
    self.add_url_rule(rule, endpoint, f, **options)
  File "/home/ec2-user/.local/lib/python3.9/site-packages/flask/sansio/scaffold.py", line 47, in wrapper_func
    return f(self, *args, **kwargs)
  File "/home/ec2-user/.local/lib/python3.9/site-packages/flask/sansio/app.py", line 650, in add_url_rule
    rule_obj = self.url_rule_class(rule, methods=methods, **options)
  File "/home/ec2-user/.local/lib/python3.9/site-packages/werkzeug/routing/rules.py", line 475, in __init__
    raise ValueError(f"URL rule '{string}' must start with a slash.")
ValueError: URL rule 'lp-thank-you' must start with a slash.
[2026-04-24 06:22:05 +0000] [99835] [INFO] Worker exiting (pid: 99835)
[2026-04-24 06:22:06 +0000] [99837] [ERROR] Exception in worker process
Traceback (most recent call last):
  File "/home/ec2-user/.local/lib/python3.9/site-packages/gunicorn/arbiter.py", line 608, in spawn_worker
    worker.init_process()
  File "/home/ec2-user/.local/lib/python3.9/site-packages/gunicorn/workers/base.py", line 135, in init_process
    self.load_wsgi()
  File "/home/ec2-user/.local/lib/python3.9/site-packages/gunicorn/workers/base.py", line 147, in load_wsgi
    self.wsgi = self.app.wsgi()
  File "/home/ec2-user/.local/lib/python3.9/site-packages/gunicorn/app/base.py", line 66, in wsgi
    self.callable = self.load()
  File "/home/ec2-user/.local/lib/python3.9/site-packages/gunicorn/app/wsgiapp.py", line 57, in load
    return self.load_wsgiapp()
  File "/home/ec2-user/.local/lib/python3.9/site-packages/gunicorn/app/wsgiapp.py", line 47, in load_wsgiapp
    return util.import_app(self.app_uri)
  File "/home/ec2-user/.local/lib/python3.9/site-packages/gunicorn/util.py", line 370, in import_app
    mod = importlib.import_module(module)
  File "/usr/lib64/python3.9/importlib/__init__.py", line 127, in import_module
    return _bootstrap._gcd_import(name[level:], package, level)
  File "<frozen importlib._bootstrap>", line 1030, in _gcd_import
  File "<frozen importlib._bootstrap>", line 1007, in _find_and_load
  File "<frozen importlib._bootstrap>", line 986, in _find_and_load_unlocked
  File "<frozen importlib._bootstrap>", line 680, in _load_unlocked
  File "<frozen importlib._bootstrap_external>", line 850, in exec_module
  File "<frozen importlib._bootstrap>", line 228, in _call_with_frames_removed
  File "/home/ec2-user/ahh/app.py", line 4059, in <module>
    def langingthankyou():
  File "/home/ec2-user/.local/lib/python3.9/site-packages/flask/sansio/scaffold.py", line 362, in decorator
    self.add_url_rule(rule, endpoint, f, **options)
  File "/home/ec2-user/.local/lib/python3.9/site-packages/flask/sansio/scaffold.py", line 47, in wrapper_func
    return f(self, *args, **kwargs)
  File "/home/ec2-user/.local/lib/python3.9/site-packages/flask/sansio/app.py", line 650, in add_url_rule
    rule_obj = self.url_rule_class(rule, methods=methods, **options)
  File "/home/ec2-user/.local/lib/python3.9/site-packages/werkzeug/routing/rules.py", line 475, in __init__
    raise ValueError(f"URL rule '{string}' must start with a slash.")
ValueError: URL rule 'lp-thank-you' must start with a slash.
[2026-04-24 06:22:06 +0000] [99837] [INFO] Worker exiting (pid: 99837)
[2026-04-24 06:22:06 +0000] [99832] [ERROR] Worker (pid:99833) exited with code 3
[2026-04-24 06:22:06 +0000] [99832] [ERROR] Worker (pid:99837) was sent SIGTERM!
[2026-04-24 06:22:06 +0000] [99832] [ERROR] Worker (pid:99835) was sent SIGTERM!
[2026-04-24 06:22:06 +0000] [99832] [ERROR] Worker (pid:99834) was sent SIGTERM!
[2026-04-24 06:22:06 +0000] [99832] [ERROR] Shutting down: Master
[2026-04-24 06:22:06 +0000] [99832] [ERROR] Reason: Worker failed to boot.
[2026-04-24 06:26:04 +0000] [100040] [INFO] Starting gunicorn 23.0.0
[2026-04-24 06:26:04 +0000] [100040] [INFO] Listening at: http://0.0.0.0:5000 (100040)
[2026-04-24 06:26:04 +0000] [100040] [INFO] Using worker: sync
[2026-04-24 06:26:04 +0000] [100041] [INFO] Booting worker with pid: 100041
[2026-04-24 06:26:04 +0000] [100042] [INFO] Booting worker with pid: 100042
[2026-04-24 06:26:04 +0000] [100043] [INFO] Booting worker with pid: 100043
[2026-04-24 06:26:04 +0000] [100044] [INFO] Booting worker with pid: 100044
[2026-04-24 06:26:06 +0000] [100040] [INFO] Handling signal: int
[2026-04-24 06:26:06 +0000] [100044] [INFO] Worker exiting (pid: 100044)
[2026-04-24 06:26:06 +0000] [100041] [INFO] Worker exiting (pid: 100041)
[2026-04-24 06:26:06 +0000] [100043] [INFO] Worker exiting (pid: 100043)
[2026-04-24 06:26:06 +0000] [100042] [INFO] Worker exiting (pid: 100042)
[2026-04-24 06:26:06 +0000] [100040] [INFO] Shutting down: Master
